0 info it worked if it ends with ok
1 verbose cli [ 'node', '/usr/local/bin/npm', 'install', '-g', 'bower' ]
2 info using npm@2.5.1
3 info using node@v0.12.0
4 verbose node symlink /usr/local/bin/node
5 silly cache add args [ 'bower', null ]
6 verbose cache add spec bower
7 silly cache add parsed spec { raw: 'bower',
7 silly cache add   scope: null,
7 silly cache add   name: 'bower',
7 silly cache add   rawSpec: '',
7 silly cache add   spec: '*',
7 silly cache add   type: 'range' }
8 verbose addNamed bower@*
9 silly addNamed semver.valid null
10 silly addNamed semver.validRange *
11 silly addNameRange { name: 'bower', range: '*', hasData: false }
12 silly mapToRegistry name bower
13 silly mapToRegistry using default registry
14 silly mapToRegistry registry https://registry.npmjs.org/
15 silly mapToRegistry uri https://registry.npmjs.org/bower
16 verbose addNameRange registry:https://registry.npmjs.org/bower not in flight; fetching
17 verbose request uri https://registry.npmjs.org/bower
18 verbose request no auth needed
19 info attempt registry request try #1 at 14:22:10
20 verbose request id fffe50c288973a9c
21 verbose etag "B75PZIF9UZTD158RMY4I6WR91"
22 http request GET https://registry.npmjs.org/bower
23 http 200 https://registry.npmjs.org/bower
24 silly get cb [ 200,
24 silly get   { server: 'CouchDB/1.5.0 (Erlang OTP/R16B03)',
24 silly get     etag: '"6XMLJ8NYMS570KMJHSJ362NCS"',
24 silly get     'content-type': 'application/json',
24 silly get     'cache-control': 'max-age=60',
24 silly get     'content-length': '113027',
24 silly get     'accept-ranges': 'bytes',
24 silly get     date: 'Sun, 09 Aug 2015 06:22:13 GMT',
24 silly get     via: '1.1 varnish',
24 silly get     age: '15',
24 silly get     connection: 'keep-alive',
24 silly get     'x-served-by': 'cache-nrt6131-NRT',
24 silly get     'x-cache': 'HIT',
24 silly get     'x-cache-hits': '1',
24 silly get     'x-timer': 'S1439101333.650272,VS0,VE1',
24 silly get     vary: 'Accept' } ]
25 verbose get saving bower to /Users/claireye/.npm/registry.npmjs.org/bower/.cache.json
26 silly addNameRange number 2 { name: 'bower', range: '*', hasData: true }
27 silly addNameRange versions [ 'bower',
27 silly addNameRange   [ '0.1.0',
27 silly addNameRange     '0.1.2',
27 silly addNameRange     '0.1.3',
27 silly addNameRange     '0.2.0',
27 silly addNameRange     '0.3.0',
27 silly addNameRange     '0.3.1',
27 silly addNameRange     '0.3.2',
27 silly addNameRange     '0.4.0',
27 silly addNameRange     '0.5.0',
27 silly addNameRange     '0.5.1',
27 silly addNameRange     '0.6.0',
27 silly addNameRange     '0.6.1',
27 silly addNameRange     '0.6.2',
27 silly addNameRange     '0.6.3',
27 silly addNameRange     '0.6.4',
27 silly addNameRange     '0.6.5',
27 silly addNameRange     '0.6.6',
27 silly addNameRange     '0.6.7',
27 silly addNameRange     '0.6.8',
27 silly addNameRange     '0.7.0',
27 silly addNameRange     '0.7.1',
27 silly addNameRange     '0.8.0',
27 silly addNameRange     '0.8.1',
27 silly addNameRange     '0.8.2',
27 silly addNameRange     '0.8.3',
27 silly addNameRange     '0.8.4',
27 silly addNameRange     '0.8.5',
27 silly addNameRange     '0.8.6',
27 silly addNameRange     '0.9.0',
27 silly addNameRange     '0.9.1',
27 silly addNameRange     '0.9.2',
27 silly addNameRange     '0.10.0',
27 silly addNameRange     '1.0.0',
27 silly addNameRange     '1.0.1',
27 silly addNameRange     '1.0.2',
27 silly addNameRange     '1.0.3',
27 silly addNameRange     '1.1.0',
27 silly addNameRange     '1.1.1',
27 silly addNameRange     '1.1.2',
27 silly addNameRange     '1.2.0',
27 silly addNameRange     '1.2.1',
27 silly addNameRange     '1.2.2',
27 silly addNameRange     '1.2.3',
27 silly addNameRange     '1.2.4',
27 silly addNameRange     '1.2.5',
27 silly addNameRange     '1.2.6',
27 silly addNameRange     '1.2.7',
27 silly addNameRange     '1.2.8',
27 silly addNameRange     '1.3.0',
27 silly addNameRange     '1.3.1',
27 silly addNameRange     '1.3.2',
27 silly addNameRange     '1.3.3',
27 silly addNameRange     '1.3.4',
27 silly addNameRange     '1.3.5',
27 silly addNameRange     '1.3.6',
27 silly addNameRange     '1.3.7',
27 silly addNameRange     '1.3.8',
27 silly addNameRange     '1.3.9',
27 silly addNameRange     '1.3.10',
27 silly addNameRange     '1.3.11',
27 silly addNameRange     '1.3.12',
27 silly addNameRange     '1.4.0',
27 silly addNameRange     '1.4.1' ] ]
28 verbose addNamed bower@1.4.1
29 silly addNamed semver.valid 1.4.1
30 silly addNamed semver.validRange 1.4.1
31 silly mapToRegistry name bower
32 silly mapToRegistry using default registry
33 silly mapToRegistry registry https://registry.npmjs.org/
34 silly mapToRegistry uri https://registry.npmjs.org/bower
35 verbose addRemoteTarball https://registry.npmjs.org/bower/-/bower-1.4.1.tgz not in flight; adding
36 verbose addRemoteTarball [ 'https://registry.npmjs.org/bower/-/bower-1.4.1.tgz',
36 verbose addRemoteTarball   'a18be39d030792754f30f1c5b32d37b0156ba8dd' ]
37 info retry fetch attempt 1 at 14:22:23
38 info attempt registry request try #1 at 14:22:23
39 http fetch GET https://registry.npmjs.org/bower/-/bower-1.4.1.tgz
40 http fetch 200 https://registry.npmjs.org/bower/-/bower-1.4.1.tgz
41 silly fetchAndShaCheck shasum a18be39d030792754f30f1c5b32d37b0156ba8dd
42 verbose stack Error: shasum check failed for /var/folders/qc/m_sbw57n5fsdb2lxml7kb25c0000gn/T/npm-5182-f624c198/registry.npmjs.org/bower/-/bower-1.4.1.tgz
42 verbose stack Expected: a18be39d030792754f30f1c5b32d37b0156ba8dd
42 verbose stack Actual:   362a740084d6478199042bb491764c0b682fe26f
42 verbose stack From:     https://registry.npmjs.org/bower/-/bower-1.4.1.tgz
42 verbose stack     at /usr/local/lib/node_modules/npm/node_modules/sha/index.js:38:8
42 verbose stack     at ReadStream.<anonymous> (/usr/local/lib/node_modules/npm/node_modules/sha/index.js:85:7)
42 verbose stack     at ReadStream.emit (events.js:129:20)
42 verbose stack     at _stream_readable.js:908:16
42 verbose stack     at process._tickCallback (node.js:355:11)
43 verbose cwd /Users/claireye/rs
44 error Darwin 14.4.0
45 error argv "node" "/usr/local/bin/npm" "install" "-g" "bower"
46 error node v0.12.0
47 error npm  v2.5.1
48 error shasum check failed for /var/folders/qc/m_sbw57n5fsdb2lxml7kb25c0000gn/T/npm-5182-f624c198/registry.npmjs.org/bower/-/bower-1.4.1.tgz
48 error Expected: a18be39d030792754f30f1c5b32d37b0156ba8dd
48 error Actual:   362a740084d6478199042bb491764c0b682fe26f
48 error From:     https://registry.npmjs.org/bower/-/bower-1.4.1.tgz
49 error If you need help, you may report this error at:
49 error     <http://github.com/npm/npm/issues>
50 verbose exit [ 1, true ]
